[2021-01-13T20:28:04.404456+08:00] system.NOTICE: SQLSTATE[HY000] [2002] No such file or directory [] []
[2021-01-13T20:28:04.599763+08:00] system.NOTICE: 页面不存在 [] []
[2021-01-13T20:28:07.469710+08:00] system.NOTICE: SQLSTATE[HY000] [2002] No such file or directory [] []
[2021-01-13T20:28:21.230583+08:00] system.NOTICE: Argument 1 passed to Yao\Db\Driver::name() must be of the type string, array given, called in /var/www/html/vendor/chengyao/framework/src/Db/Db.php on line 30 [] []
[2021-01-13T20:28:21.790820+08:00] system.NOTICE: Argument 1 passed to Yao\Db\Driver::name() must be of the type string, array given, called in /var/www/html/vendor/chengyao/framework/src/Db/Db.php on line 30 [] []
[2021-01-13T20:28:21.939875+08:00] system.NOTICE: Argument 1 passed to Yao\Db\Driver::name() must be of the type string, array given, called in /var/www/html/vendor/chengyao/framework/src/Db/Db.php on line 30 [] []
[2021-01-13T20:32:25.991464+08:00] system.NOTICE: SQLSTATE[42S02]: Base table or view not found: 1146 Table 'cheng.tp_files' doesn't exist [] []
[2021-01-13T20:45:41.048458+08:00] system.NOTICE: Too few arguments to function Yao\View\Driver::__construct(), 0 passed in /var/www/html/vendor/chengyao/framework/src/Traits/SingleInstance.php on line 26 and exactly 1 expected [] []
[2021-01-13T20:46:26.929227+08:00] system.NOTICE: Undefined index: debug [8,"/var/www/html/vendor/chengyao/framework/src/View/Drivers/Twig.php",17] []
[2021-01-13T20:46:27.542675+08:00] system.NOTICE: Undefined index: debug [8,"/var/www/html/vendor/chengyao/framework/src/View/Drivers/Twig.php",17] []
[2021-01-13T20:47:30.380725+08:00] system.NOTICE: A non-numeric value encountered [2,"/var/www/html/vendor/chengyao/framework/src/View/Driver.php",21] []
[2021-01-13T20:47:30.879573+08:00] system.NOTICE: A non-numeric value encountered [2,"/var/www/html/vendor/chengyao/framework/src/View/Driver.php",21] []
[2021-01-13T20:47:43.605365+08:00] system.NOTICE: substr() expects parameter 2 to be int, string given [2,"/var/www/html/vendor/chengyao/framework/src/View/Driver.php",21] []
[2021-01-13T20:48:25.721192+08:00] system.NOTICE: Undefined index: debug [8,"/var/www/html/vendor/chengyao/framework/src/View/Drivers/Twig.php",17] []
[2021-01-13T20:48:40.398115+08:00] system.NOTICE: Undefined index: debug [8,"/var/www/html/vendor/chengyao/framework/src/View/Drivers/Twig.php",17] []
[2021-01-13T20:48:40.662855+08:00] system.NOTICE: Undefined index: debug [8,"/var/www/html/vendor/chengyao/framework/src/View/Drivers/Twig.php",17] []
[2021-01-13T20:48:40.808014+08:00] system.NOTICE: Undefined index: debug [8,"/var/www/html/vendor/chengyao/framework/src/View/Drivers/Twig.php",17] []
[2021-01-13T20:48:45.239537+08:00] system.NOTICE: Undefined index: debug [8,"/var/www/html/vendor/chengyao/framework/src/View/Drivers/Twig.php",17] []
[2021-01-13T20:48:45.752705+08:00] system.NOTICE: Undefined index: debug [8,"/var/www/html/vendor/chengyao/framework/src/View/Drivers/Twig.php",17] []
[2021-01-13T20:48:45.917423+08:00] system.NOTICE: Undefined index: debug [8,"/var/www/html/vendor/chengyao/framework/src/View/Drivers/Twig.php",17] []
[2021-01-13T20:48:47.830374+08:00] system.NOTICE: Undefined index: debug [8,"/var/www/html/vendor/chengyao/framework/src/View/Drivers/Twig.php",17] []
[2021-01-13T20:48:48.191406+08:00] system.NOTICE: Undefined index: debug [8,"/var/www/html/vendor/chengyao/framework/src/View/Drivers/Twig.php",17] []
[2021-01-13T20:48:48.340977+08:00] system.NOTICE: Undefined index: debug [8,"/var/www/html/vendor/chengyao/framework/src/View/Drivers/Twig.php",17] []
[2021-01-13T20:48:49.279216+08:00] system.NOTICE: Undefined index: debug [8,"/var/www/html/vendor/chengyao/framework/src/View/Drivers/Twig.php",17] []
[2021-01-13T20:48:49.439287+08:00] system.NOTICE: Undefined index: debug [8,"/var/www/html/vendor/chengyao/framework/src/View/Drivers/Twig.php",17] []
[2021-01-13T20:48:49.590436+08:00] system.NOTICE: Undefined index: debug [8,"/var/www/html/vendor/chengyao/framework/src/View/Drivers/Twig.php",17] []
[2021-01-13T20:48:50.679773+08:00] system.NOTICE: Undefined index: debug [8,"/var/www/html/vendor/chengyao/framework/src/View/Drivers/Twig.php",17] []
[2021-01-13T20:48:50.912473+08:00] system.NOTICE: Undefined index: debug [8,"/var/www/html/vendor/chengyao/framework/src/View/Drivers/Twig.php",17] []
[2021-01-13T20:48:51.143423+08:00] system.NOTICE: Undefined index: debug [8,"/var/www/html/vendor/chengyao/framework/src/View/Drivers/Twig.php",17] []
[2021-01-13T20:48:51.781249+08:00] system.NOTICE: Undefined index: debug [8,"/var/www/html/vendor/chengyao/framework/src/View/Drivers/Twig.php",17] []
[2021-01-13T20:48:51.973054+08:00] system.NOTICE: Undefined index: debug [8,"/var/www/html/vendor/chengyao/framework/src/View/Drivers/Twig.php",17] []
[2021-01-13T20:48:52.158077+08:00] system.NOTICE: Undefined index: debug [8,"/var/www/html/vendor/chengyao/framework/src/View/Drivers/Twig.php",17] []
[2021-01-13T20:48:52.318121+08:00] system.NOTICE: Undefined index: debug [8,"/var/www/html/vendor/chengyao/framework/src/View/Drivers/Twig.php",17] []
[2021-01-13T20:48:53.805133+08:00] system.NOTICE: Undefined index: debug [8,"/var/www/html/vendor/chengyao/framework/src/View/Drivers/Twig.php",17] []
[2021-01-13T20:48:53.997824+08:00] system.NOTICE: Undefined index: debug [8,"/var/www/html/vendor/chengyao/framework/src/View/Drivers/Twig.php",17] []
[2021-01-13T20:49:10.249486+08:00] system.NOTICE: Undefined index: debug [8,"/var/www/html/vendor/chengyao/framework/src/View/Drivers/Twig.php",17] []
[2021-01-13T20:50:26.912783+08:00] system.NOTICE: Undefined index:  [8,"/var/www/html/vendor/chengyao/framework/src/View/Driver.php",21] []
[2021-01-13T20:50:39.434333+08:00] system.NOTICE: Undefined index:  [8,"/var/www/html/vendor/chengyao/framework/src/View/Driver.php",21] []
[2021-01-13T20:50:58.098068+08:00] system.NOTICE: Unable to find template "index.html" (looked into: /var/www/html/app/Index/View). [] []
[2021-01-13T20:53:41.659223+08:00] system.NOTICE: Undefined index: twig [8,"/var/www/html/vendor/chengyao/framework/src/Config.php",67] []
[2021-01-13T20:53:42.334912+08:00] system.NOTICE: Undefined index: twig [8,"/var/www/html/vendor/chengyao/framework/src/Config.php",67] []
[2021-01-13T20:53:42.476452+08:00] system.NOTICE: Undefined index: twig [8,"/var/www/html/vendor/chengyao/framework/src/Config.php",67] []
[2021-01-13T20:54:19.181415+08:00] system.NOTICE: Undefined index: view.twig [8,"/var/www/html/vendor/chengyao/framework/src/Config.php",67] []
[2021-01-13T20:55:01.670467+08:00] system.NOTICE: Unable to find template "index.html" (looked into: /var/www/html/app/Index/View). [] []
[2021-01-13T20:55:02.143817+08:00] system.NOTICE: Unable to find template "index.html" (looked into: /var/www/html/app/Index/View). [] []
[2021-01-13T20:55:02.296541+08:00] system.NOTICE: Unable to find template "index.html" (looked into: /var/www/html/app/Index/View). [] []
[2021-01-13T20:59:43.824537+08:00] system.NOTICE: Unable to find template "index.html" (looked into: /var/www/html/app/Index/View). [] []
[2021-01-13T20:59:44.000736+08:00] system.NOTICE: Unable to find template "index.html" (looked into: /var/www/html/app/Index/View). [] []
[2021-01-13T20:59:44.153051+08:00] system.NOTICE: Unable to find template "index.html" (looked into: /var/www/html/app/Index/View). [] []
